2022-12-22T14:49:38+00:00 CRITICAL Uncaught Error: Class "TheBase\Elementor_Pro\Elementor_Dynamic_Colors" not found in /Applications/MAMP/htdocs/ark-distribution/wp-content/plugins/elementor/core/dynamic-tags/manager.php:292
Stack trace:
#0 /Applications/MAMP/htdocs/ark-distribution/wp-content/themes/gadgeto/inc/components/elementor_pro/component.php(65): Elementor\Core\DynamicTags\Manager->register_tag('TheBase\\Element...')
#1 /Applications/MAMP/htdocs/ark-distribution/wp-includes/class-wp-hook.php(308): TheBase\Elementor_Pro\Component->add_palette_colors(Object(Elementor\Core\DynamicTags\Manager))
#2 /Applications/MAMP/htdocs/ark-distribution/wp-includes/class-wp-hook.php(332): WP_Hook->apply_filters('', Array)
#3 /Applications/MAMP/htdocs/ark-distribution/wp-includes/plugin.php(565): WP_Hook->do_action(Array)
#4 /Applications/MAMP/htdocs/ark-distribution/wp-content/plugins/elementor/modules/dev-tools/deprecation.php(331): do_action_ref_array('elementor/dynam...', Array)
#5 /Applications/MAMP/htdocs/ark-distribution/wp-content/plugins/elementor/core/dynamic-tags/manager.php(257): Elementor\Modules\DevTools\Deprecation->do_deprecated_action('elementor/dynam...', Array, '3.5.0', 'elementor/dynam...')
#6 /Applications/MAMP/htdocs/ark-distribution/wp-content/plugins/elementor/core/dynamic-tags/manager.php(385): Elementor\Core\DynamicTags\Manager->get_tags()
#7 /Applications/MAMP/htdocs/ark-distribution/wp-content/plugins/elementor/core/dynamic-tags/manager.php(401): Elementor\Core\DynamicTags\Manager->get_tags_config()
#8 /Applications/MAMP/htdocs/ark-distribution/wp-content/plugins/elementor/core/editor/editor.php(582): Elementor\Core\DynamicTags\Manager->get_config()
#9 /Applications/MAMP/htdocs/ark-distribution/wp-includes/class-wp-hook.php(308): Elementor\Core\Editor\Editor->enqueue_scripts('')
#10 /Applications/MAMP/htdocs/ark-distribution/wp-includes/class-wp-hook.php(332): WP_Hook->apply_filters('', Array)
#11 /Applications/MAMP/htdocs/ark-distribution/wp-includes/plugin.php(517): WP_Hook->do_action(Array)
#12 /Applications/MAMP/htdocs/ark-distribution/wp-includes/script-loader.php(2180): do_action('wp_enqueue_scri...')
#13 /Applications/MAMP/htdocs/ark-distribution/wp-includes/class-wp-hook.php(308): wp_enqueue_scripts('')
#14 /Applications/MAMP/htdocs/ark-distribution/wp-includes/class-wp-hook.php(332): WP_Hook->apply_filters('', Array)
#15 /Applications/MAMP/htdocs/ark-distribution/wp-includes/plugin.php(517): WP_Hook->do_action(Array)
#16 /Applications/MAMP/htdocs/ark-distribution/wp-includes/general-template.php(3043): do_action('wp_head')
#17 /Applications/MAMP/htdocs/ark-distribution/wp-content/plugins/elementor/includes/editor-templates/editor-wrapper.php(31): wp_head()
#18 /Applications/MAMP/htdocs/ark-distribution/wp-content/plugins/elementor/core/editor/editor.php(322): include('/Applications/M...')
#19 /Applications/MAMP/htdocs/ark-distribution/wp-content/plugins/elementor/core/editor/editor.php(163): Elementor\Core\Editor\Editor->print_editor_template()
#20 /Applications/MAMP/htdocs/ark-distribution/wp-includes/class-wp-hook.php(308): Elementor\Core\Editor\Editor->init('')
#21 /Applications/MAMP/htdocs/ark-distribution/wp-includes/class-wp-hook.php(332): WP_Hook->apply_filters('', Array)
#22 /Applications/MAMP/htdocs/ark-distribution/wp-includes/plugin.php(517): WP_Hook->do_action(Array)
#23 /Applications/MAMP/htdocs/ark-distribution/wp-admin/admin.php(419): do_action('admin_action_el...')
#24 /Applications/MAMP/htdocs/ark-distribution/wp-admin/post.php(12): require_once('/Applications/M...')
#25 {main}
  thrown dans /Applications/MAMP/htdocs/ark-distribution/wp-content/plugins/elementor/core/dynamic-tags/manager.php à la ligne 292

2022-12-22T14:50:01+00:00 CRITICAL Uncaught Error: Class "TheBase\Elementor_Pro\Elementor_Dynamic_Colors" not found in /Applications/MAMP/htdocs/ark-distribution/wp-content/plugins/elementor/core/dynamic-tags/manager.php:292
Stack trace:
#0 /Applications/MAMP/htdocs/ark-distribution/wp-content/themes/gadgeto/inc/components/elementor_pro/component.php(65): Elementor\Core\DynamicTags\Manager->register_tag('TheBase\\Element...')
#1 /Applications/MAMP/htdocs/ark-distribution/wp-includes/class-wp-hook.php(308): TheBase\Elementor_Pro\Component->add_palette_colors(Object(Elementor\Core\DynamicTags\Manager))
#2 /Applications/MAMP/htdocs/ark-distribution/wp-includes/class-wp-hook.php(332): WP_Hook->apply_filters('', Array)
#3 /Applications/MAMP/htdocs/ark-distribution/wp-includes/plugin.php(565): WP_Hook->do_action(Array)
#4 /Applications/MAMP/htdocs/ark-distribution/wp-content/plugins/elementor/modules/dev-tools/deprecation.php(331): do_action_ref_array('elementor/dynam...', Array)
#5 /Applications/MAMP/htdocs/ark-distribution/wp-content/plugins/elementor/core/dynamic-tags/manager.php(257): Elementor\Modules\DevTools\Deprecation->do_deprecated_action('elementor/dynam...', Array, '3.5.0', 'elementor/dynam...')
#6 /Applications/MAMP/htdocs/ark-distribution/wp-content/plugins/elementor/core/dynamic-tags/manager.php(385): Elementor\Core\DynamicTags\Manager->get_tags()
#7 /Applications/MAMP/htdocs/ark-distribution/wp-content/plugins/elementor/core/dynamic-tags/manager.php(401): Elementor\Core\DynamicTags\Manager->get_tags_config()
#8 /Applications/MAMP/htdocs/ark-distribution/wp-content/plugins/elementor/core/editor/editor.php(582): Elementor\Core\DynamicTags\Manager->get_config()
#9 /Applications/MAMP/htdocs/ark-distribution/wp-includes/class-wp-hook.php(308): Elementor\Core\Editor\Editor->enqueue_scripts('')
#10 /Applications/MAMP/htdocs/ark-distribution/wp-includes/class-wp-hook.php(332): WP_Hook->apply_filters('', Array)
#11 /Applications/MAMP/htdocs/ark-distribution/wp-includes/plugin.php(517): WP_Hook->do_action(Array)
#12 /Applications/MAMP/htdocs/ark-distribution/wp-includes/script-loader.php(2180): do_action('wp_enqueue_scri...')
#13 /Applications/MAMP/htdocs/ark-distribution/wp-includes/class-wp-hook.php(308): wp_enqueue_scripts('')
#14 /Applications/MAMP/htdocs/ark-distribution/wp-includes/class-wp-hook.php(332): WP_Hook->apply_filters('', Array)
#15 /Applications/MAMP/htdocs/ark-distribution/wp-includes/plugin.php(517): WP_Hook->do_action(Array)
#16 /Applications/MAMP/htdocs/ark-distribution/wp-includes/general-template.php(3043): do_action('wp_head')
#17 /Applications/MAMP/htdocs/ark-distribution/wp-content/plugins/elementor/includes/editor-templates/editor-wrapper.php(31): wp_head()
#18 /Applications/MAMP/htdocs/ark-distribution/wp-content/plugins/elementor/core/editor/editor.php(322): include('/Applications/M...')
#19 /Applications/MAMP/htdocs/ark-distribution/wp-content/plugins/elementor/core/editor/editor.php(163): Elementor\Core\Editor\Editor->print_editor_template()
#20 /Applications/MAMP/htdocs/ark-distribution/wp-includes/class-wp-hook.php(308): Elementor\Core\Editor\Editor->init('')
#21 /Applications/MAMP/htdocs/ark-distribution/wp-includes/class-wp-hook.php(332): WP_Hook->apply_filters('', Array)
#22 /Applications/MAMP/htdocs/ark-distribution/wp-includes/plugin.php(517): WP_Hook->do_action(Array)
#23 /Applications/MAMP/htdocs/ark-distribution/wp-admin/admin.php(419): do_action('admin_action_el...')
#24 /Applications/MAMP/htdocs/ark-distribution/wp-admin/post.php(12): require_once('/Applications/M...')
#25 {main}
  thrown dans /Applications/MAMP/htdocs/ark-distribution/wp-content/plugins/elementor/core/dynamic-tags/manager.php à la ligne 292

